<?xml version="1.0" encoding="UTF-8"?>
<!-- Generated by org.testng.reporters.JUnitReportReporter -->
<testsuite skipped="0" hostname="DESKTOP-QMHOFE8" name="cucumberOptions.TestNGTestRunner" tests="1" failures="0" timestamp="2022-05-08T16:31:02 IST" time="12.094" errors="0">
  <testcase name="runScenario" time="12.094" classname="cucumberOptions.TestNGTestRunner"/>
  <system-out/>
</testsuite> <!-- cucumberOptions.TestNGTestRunner -->
